<?xml version="1.0" encoding="UTF-8"?>
<!-- Generated by org.testng.reporters.JUnitReportReporter -->
<testsuite skipped="0" hostname="DESKTOP-3SL4LUB" name="testcases.AddCustomerTest" tests="1" failures="0" timestamp="09 Jun 2019 06:06:35 GMT" time="0.798" errors="0">
  <testcase name="addCustomer" time="0.798" classname="testcases.AddCustomerTest"/>
</testsuite> <!-- testcases.AddCustomerTest -->
