<?xml version="1.0" encoding="UTF-8"?>
<!-- Generated by org.testng.reporters.JUnitReportReporter -->
<testsuite skipped="0" hostname="DESKTOP-3SL4LUB" name="testnglearning.TestParameterization" tests="4" failures="0" timestamp="08 Jun 2019 05:23:30 GMT" time="16.368" errors="0">
  <testcase name="doLogin" time="5.457" classname="testnglearning.TestParameterization"/>
  <testcase name="doLogin" time="4.277" classname="testnglearning.TestParameterization"/>
  <testcase name="doLogin" time="3.547" classname="testnglearning.TestParameterization"/>
  <testcase name="doLogin" time="3.087" classname="testnglearning.TestParameterization"/>
</testsuite> <!-- testnglearning.TestParameterization -->
