<?xml version="1.0" encoding="UTF-8"?>
<!-- Generated by org.testng.reporters.JUnitReportReporter -->
<testsuite skipped="0" hostname="DESKTOP-3SL4LUB" name="testnglearning.TestCase1" tests="2" failures="0" timestamp="02 Jun 2019 06:28:41 GMT" time="0.015" errors="0">
  <testcase name="doUserReg" time="0.010" classname="testnglearning.TestCase1"/>
  <testcase name="doLogin" time="0.005" classname="testnglearning.TestCase1"/>
</testsuite> <!-- testnglearning.TestCase1 -->
