<?xml version="1.0" encoding="UTF-8"?>
<!-- Generated by org.testng.reporters.JUnitReportReporter -->
<testsuite skipped="0" hostname="DESKTOP-3SL4LUB" name="testnglearning.TestParallel" tests="2" failures="0" timestamp="08 Jun 2019 05:37:57 GMT" time="28.539" errors="0">
  <testcase name="testWeb" time="14.545" classname="testnglearning.TestParallel"/>
  <testcase name="testWeb" time="13.994" classname="testnglearning.TestParallel"/>
</testsuite> <!-- testnglearning.TestParallel -->
