<?xml version="1.0" encoding="UTF-8"?>
<!-- Generated by org.testng.reporters.JUnitReportReporter -->
<testsuite skipped="0" hostname="DESKTOP-3SL4LUB" name="testnglearning.TestParameterizationDataPRovider" tests="4" failures="0" timestamp="08 Jun 2019 05:40:59 GMT" time="8.081" errors="0">
  <testcase name="doLogin" time="2.021" classname="testnglearning.TestParameterizationDataPRovider"/>
  <testcase name="doLogin" time="2.020" classname="testnglearning.TestParameterizationDataPRovider"/>
  <testcase name="doLogin" time="2.020" classname="testnglearning.TestParameterizationDataPRovider"/>
  <testcase name="doLogin" time="2.020" classname="testnglearning.TestParameterizationDataPRovider"/>
</testsuite> <!-- testnglearning.TestParameterizationDataPRovider -->
