<?xml version="1.0" encoding="UTF-8"?>
<!-- Generated by org.testng.reporters.JUnitReportReporter -->
<testsuite skipped="0" hostname="DESKTOP-3SL4LUB" name="testcases.TestGoogle" tests="2" failures="0" timestamp="16 Jun 2019 06:57:00 GMT" time="38.266" errors="0">
  <testcase name="testWeb" time="22.937" classname="testcases.TestGoogle"/>
  <testcase name="testWeb" time="15.329" classname="testcases.TestGoogle"/>
</testsuite> <!-- testcases.TestGoogle -->
