<?xml version="1.0" encoding="UTF-8"?>
<!-- Generated by org.testng.reporters.JUnitReportReporter -->
<testsuite skipped="0" hostname="DESKTOP-3SL4LUB" name="testcases.Login" tests="1" failures="0" timestamp="09 Jun 2019 06:16:16 GMT" time="0.020" errors="0">
  <testcase name="doLogin" time="0.020" classname="testcases.Login"/>
</testsuite> <!-- testcases.Login -->
