<?xml version="1.0" encoding="UTF-8"?>
<!-- Generated by org.testng.reporters.JUnitReportReporter -->
<testsuite skipped="0" hostname="DESKTOP-3SL4LUB" name="testcases.FirstTest" tests="1" failures="0" timestamp="09 Jun 2019 06:13:55 GMT" time="0.007" errors="0">
  <testcase name="firstTest" time="0.007" classname="testcases.FirstTest"/>
</testsuite> <!-- testcases.FirstTest -->
