<?xml version="1.0" encoding="UTF-8"?>
<!-- Generated by org.testng.reporters.JUnitReportReporter -->
<testsuite skipped="0" hostname="DESKTOP-3SL4LUB" name="testcases.UserRegTest" tests="1" failures="0" timestamp="09 Jun 2019 06:13:55 GMT" time="0.003" errors="0">
  <testcase name="doUserReg" time="0.003" classname="testcases.UserRegTest"/>
</testsuite> <!-- testcases.UserRegTest -->
