<?xml version="1.0" encoding="UTF-8"?>
<!-- Generated by org.testng.reporters.JUnitReportReporter -->
<testsuite skipped="0" hostname="WKS-205A" name="testcases.FindInhouseDirection" tests="1" failures="0" timestamp="24 Jul 2019 09:43:13 GMT" time="12.633" errors="0">
  <testcase name="findInhouseDirection" time="12.633" classname="testcases.FindInhouseDirection"/>
</testsuite> <!-- testcases.FindInhouseDirection -->
