<?xml version="1.0" encoding="UTF-8"?>
<!-- Generated by org.testng.reporters.JUnitReportReporter -->
<testsuite skipped="0" hostname="DESKTOP-3SL4LUB" name="testcases.UploadPhotoTest" tests="1" failures="0" timestamp="16 Jun 2019 05:15:11 GMT" time="11.318" errors="0">
  <testcase name="uploadPhoto" time="11.318" classname="testcases.UploadPhotoTest"/>
</testsuite> <!-- testcases.UploadPhotoTest -->
