<?xml version="1.0" encoding="UTF-8"?>
<!-- Generated by org.testng.reporters.JUnitReportReporter -->
<testsuite skipped="0" hostname="DESKTOP-3SL4LUB" name="testcases.AddCustomerTest" tests="1" failures="0" timestamp="15 Jun 2019 07:20:34 GMT" time="1.591" errors="0">
  <testcase name="addCustomer" time="1.591" classname="testcases.AddCustomerTest"/>
</testsuite> <!-- testcases.AddCustomerTest -->
