<?xml version="1.0" encoding="UTF-8"?>
<testsuite name="TestSuite" time="3.331" tests="3" errors="0" skipped="0" failures="1">
  <properties>
    <property name="java.vendor" value="Oracle Corporation"/>
    <property name="JOB_NAME" value="DataDriven15thJune2019"/>
    <property name="sun.java.launcher" value="SUN_STANDARD"/>
    <property name="NUMBER_OF_PROCESSORS" value="4"/>
    <property name="sun.management.compiler" value="HotSpot 64-Bit Tiered Compilers"/>
    <property name="JENKINS_HOME" value="C:\Users\WAY2AUTOMATION\.jenkins"/>
    <property name="FPS_BROWSER_USER_PROFILE_STRING" value="Default"/>
    <property name="HUDSON_SERVER_COOKIE" value="8a77cbde1be0532c"/>
    <property name="POM_ARTIFACTID" value="DataDrivenProject"/>
    <property name="os.name" value="Windows 10"/>
    <property name="sun.boot.class.path" value="C:\Program Files\Java\jdk1.8.0_171\jre\lib\resources.jar;C:\Program Files\Java\jdk1.8.0_171\jre\lib\rt.jar;C:\Program Files\Java\jdk1.8.0_171\jre\lib\sunrsasign.jar;C:\Program Files\Java\jdk1.8.0_171\jre\lib\jsse.jar;C:\Program Files\Java\jdk1.8.0_171\jre\lib\jce.jar;C:\Program Files\Java\jdk1.8.0_171\jre\lib\charsets.jar;C:\Program Files\Java\jdk1.8.0_171\jre\lib\jfr.jar;C:\Program Files\Java\jdk1.8.0_171\jre\classes"/>
    <property name="EXECUTOR_NUMBER" value="1"/>
    <property name="sun.desktop" value="windows"/>
    <property name="PATHEXT" value=".COM;.EXE;.BAT;.CMD;.VBS;.VBE;.JS;.JSE;.WSF;.WSH;.MSC"/>
    <property name="java.vm.specification.vendor" value="Oracle Corporation"/>
    <property name="POM_DISPLAYNAME" value="DataDrivenProject"/>
    <property name="NODE_LABELS" value="master"/>
    <property name="TEMP" value="C:\Users\WAY2AU~1\AppData\Local\Temp"/>
    <property name="java.runtime.version" value="1.8.0_171-b11"/>
    <property name="FPS_BROWSER_APP_PROFILE_STRING" value="Internet Explorer"/>
    <property name="user.name" value="WAY2AUTOMATION"/>
    <property name="guice.disable.misplaced.annotation.check" value="true"/>
    <property name="CommonProgramW6432" value="C:\Program Files\Common Files"/>
    <property name="ProgramFiles" value="C:\Program Files"/>
    <property name="PROMPT" value="$P$G"/>
    <property name="user.language" value="en"/>
    <property name="JOB_BASE_NAME" value="DataDriven15thJune2019"/>
    <property name="RUN_CHANGES_DISPLAY_URL" value="http://localhost:8080/job/DataDriven15thJune2019/6/display/redirect?page=changes"/>
    <property name="BUILD_DISPLAY_NAME" value="#6"/>
    <property name="OneDrive" value="C:\Users\WAY2AUTOMATION\OneDrive"/>
    <property name="sun.boot.library.path" value="C:\Program Files\Java\jdk1.8.0_171\jre\bin"/>
    <property name="LOCALAPPDATA" value="C:\Users\WAY2AUTOMATION\AppData\Local"/>
    <property name="java.version" value="1.8.0_171"/>
    <property name="PROCESSOR_LEVEL" value="6"/>
    <property name="user.timezone" value="Asia/Calcutta"/>
    <property name="USERNAME" value="WAY2AUTOMATION"/>
    <property name="sun.arch.data.model" value="64"/>
    <property name="NODE_NAME" value="master"/>
    <property name="java.endorsed.dirs" value="C:\Program Files\Java\jdk1.8.0_171\jre\lib\endorsed"/>
    <property name="BUILD_ID" value="6"/>
    <property name="sun.cpu.isalist" value="amd64"/>
    <property name="sun.jnu.encoding" value="Cp1252"/>
    <property name="file.encoding.pkg" value="sun.io"/>
    <property name="file.separator" value="\"/>
    <property name="java.specification.name" value="Java Platform API Specification"/>
    <property name="HOMEDRIVE" value="C:"/>
    <property name="java.class.version" value="52.0"/>
    <property name="=::" value="::\"/>
    <property name="MVN_HOME" value="F:\selenium-prerequisite\apache-maven-3.0.5-bin\apache-maven-3.0.5"/>
    <property name="user.country" value="US"/>
    <property name="ALLUSERSPROFILE" value="C:\ProgramData"/>
    <property name="java.home" value="C:\Program Files\Java\jdk1.8.0_171\jre"/>
    <property name="java.vm.info" value="mixed mode"/>
    <property name="os.version" value="10.0"/>
    <property name="=F:" value="F:\selenium-prerequisite"/>
    <property name="=ExitCode" value="00000082"/>
    <property name="RUN_DISPLAY_URL" value="http://localhost:8080/job/DataDriven15thJune2019/6/display/redirect"/>
    <property name="POM_VERSION" value="0.0.1-SNAPSHOT"/>
    <property name="TMP" value="C:\Users\WAY2AU~1\AppData\Local\Temp"/>
    <property name="path.separator" value=";"/>
    <property name="java.vm.version" value="25.171-b11"/>
    <property name="user.variant" value=""/>
    <property name="JOB_DISPLAY_URL" value="http://localhost:8080/job/DataDriven15thJune2019/display/redirect"/>
    <property name="CommonProgramFiles(x86)" value="C:\Program Files (x86)\Common Files"/>
    <property name="USERDOMAIN_ROAMINGPROFILE" value="DESKTOP-3SL4LUB"/>
    <property name="java.awt.printerjob" value="sun.awt.windows.WPrinterJob"/>
    <property name="C_EM64T_REDIST11" value="C:\Program Files (x86)\Common Files\Intel\Shared Files\cpp\"/>
    <property name="JAVA_HOME" value="C:\Program Files\Java\jdk1.8.0_171"/>
    <property name="sun.io.unicode.encoding" value="UnicodeLittle"/>
    <property name="CommonProgramFiles" value="C:\Program Files\Common Files"/>
    <property name="ComSpec" value="C:\WINDOWS\system32\cmd.exe"/>
    <property name="awt.toolkit" value="sun.awt.windows.WToolkit"/>
    <property name="HOMEPATH" value="\Users\WAY2AUTOMATION"/>
    <property name="POM_PACKAGING" value="jar"/>
    <property name="user.script" value=""/>
    <property name="COMPUTERNAME" value="DESKTOP-3SL4LUB"/>
    <property name="POM_GROUPID" value="com.w2a"/>
    <property name="user.home" value="C:\Users\WAY2AUTOMATION"/>
    <property name="PUBLIC" value="C:\Users\Public"/>
    <property name="BUILD_TAG" value="jenkins-DataDriven15thJune2019-6"/>
    <property name="JENKINS_SERVER_COOKIE" value="8a77cbde1be0532c"/>
    <property name="HUDSON_URL" value="http://localhost:8080/"/>
    <property name="ProgramData" value="C:\ProgramData"/>
    <property name="java.specification.vendor" value="Oracle Corporation"/>
    <property name="USERPROFILE" value="C:\Users\WAY2AUTOMATION"/>
    <property name="CLASSPATH" value=""/>
    <property name="java.vendor.url" value="http://java.oracle.com/"/>
    <property name="java.library.path" value="C:\Program Files\Java\jdk1.8.0_171\bin;C:\WINDOWS\Sun\Java\bin;C:\WINDOWS\system32;C:\WINDOWS;F:\selenium-prerequisite\apache-maven-3.0.5-bin\apache-maven-3.0.5/bin;C:\Program Files\Java\jdk1.8.0_171/bin;C:\Program Files\Java\jdk1.8.0_171/bin;C:\Program Files (x86)\Common Files\Intel\Shared Files\cpp\bin\Intel64;C:\Program Files (x86)\Common Files\Oracle\Java\javapath;C:\Program Files (x86)\Intel\iCLS Client\;C:\Program Files\Intel\iCLS Client\;C:\WINDOWS\system32;C:\WINDOWS;C:\WINDOWS\System32\Wbem;C:\WINDOWS\System32\WindowsPowerShell\v1.0\;c:\Program Files (x86)\ATI Technologies\ATI.ACE\Core-Static;C:\Program Files\Intel\WiFi\bin\;C:\Program Files\Common Files\Intel\WirelessCommon\;C:\Program Files\Java\jdk1.8.0_171\bin;F:\selenium-prerequisite\apache-maven-3.0.5-bin\apache-maven-3.0.5\bin;C:\Program Files\nodejs\;C:\WINDOWS\System32\OpenSSH\;C:\Program Files\Microsoft VS Code\bin;C:\Users\WAY2AUTOMATION\AppData\Local\Android\Sdk\tools;C:\Users\WAY2AUTOMATION\AppData\Local\Android\Sdk\platform-tools;C:\Program Files\Git\cmd;;C:\Program Files\Microsoft VS Code\bin;C:\Users\WAY2AUTOMATION\AppData\Roaming\npm;%USERPROFILE%\AppData\Local\Microsoft\WindowsApps;."/>
    <property name="java.vm.vendor" value="Oracle Corporation"/>
    <property name="APPDATA" value="C:\Users\WAY2AUTOMATION\AppData\Roaming"/>
    <property name="java.runtime.name" value="Java(TM) SE Runtime Environment"/>
    <property name="maven.home" value="F:\selenium-prerequisite\apache-maven-3.0.5-bin\apache-maven-3.0.5"/>
    <property name="java.class.path" value="C:\Users\WAY2AUTOMATION\.jenkins\plugins\maven-plugin\WEB-INF\lib\maven3-agent-1.13.jar;F:\selenium-prerequisite\apache-maven-3.0.5-bin\apache-maven-3.0.5\boot\plexus-classworlds-2.4.jar"/>
    <property name="sun.java.command" value="org.jvnet.hudson.maven3.agent.Maven3Main F:\selenium-prerequisite\apache-maven-3.0.5-bin\apache-maven-3.0.5 C:\Users\WAY2AUTOMATION\.jenkins\war\WEB-INF\lib\remoting-3.29.jar C:\Users\WAY2AUTOMATION\.jenkins\plugins\maven-plugin\WEB-INF\lib\maven3-interceptor-1.13.jar C:\Users\WAY2AUTOMATION\.jenkins\plugins\maven-plugin\WEB-INF\lib\maven3-interceptor-commons-1.13.jar 63022"/>
    <property name="Path" value="C:\Program Files\Java\jdk1.8.0_171/bin;C:\Program Files (x86)\Common Files\Intel\Shared Files\cpp\bin\Intel64;C:\Program Files (x86)\Common Files\Oracle\Java\javapath;C:\Program Files (x86)\Intel\iCLS Client\;C:\Program Files\Intel\iCLS Client\;C:\WINDOWS\system32;C:\WINDOWS;C:\WINDOWS\System32\Wbem;C:\WINDOWS\System32\WindowsPowerShell\v1.0\;c:\Program Files (x86)\ATI Technologies\ATI.ACE\Core-Static;C:\Program Files\Intel\WiFi\bin\;C:\Program Files\Common Files\Intel\WirelessCommon\;C:\Program Files\Java\jdk1.8.0_171\bin;F:\selenium-prerequisite\apache-maven-3.0.5-bin\apache-maven-3.0.5\bin;C:\Program Files\nodejs\;C:\WINDOWS\System32\OpenSSH\;C:\Program Files\Microsoft VS Code\bin;C:\Users\WAY2AUTOMATION\AppData\Local\Android\Sdk\tools;C:\Users\WAY2AUTOMATION\AppData\Local\Android\Sdk\platform-tools;C:\Program Files\Git\cmd;;C:\Program Files\Microsoft VS Code\bin;C:\Users\WAY2AUTOMATION\AppData\Roaming\npm;%USERPROFILE%\AppData\Local\Microsoft\WindowsApps"/>
    <property name="java.vm.specification.name" value="Java Virtual Machine Specification"/>
    <property name="PROCESSOR_ARCHITECTURE" value="AMD64"/>
    <property name="PATH+JDK" value="C:\Program Files\Java\jdk1.8.0_171/bin"/>
    <property name="PROCESSOR_IDENTIFIER" value="Intel64 Family 6 Model 78 Stepping 3, GenuineIntel"/>
    <property name="SESSIONNAME" value="Console"/>
    <property name="java.vm.specification.version" value="1.8"/>
    <property name="sun.os.patch.level" value=""/>
    <property name="sun.cpu.endian" value="little"/>
    <property name="M2_HOME" value="F:\selenium-prerequisite\apache-maven-3.0.5-bin\apache-maven-3.0.5"/>
    <property name="java.io.tmpdir" value="C:\Users\WAY2AU~1\AppData\Local\Temp\"/>
    <property name="OS" value="Windows_NT"/>
    <property name="HUDSON_HOME" value="C:\Users\WAY2AUTOMATION\.jenkins"/>
    <property name="PATH+MAVEN" value="F:\selenium-prerequisite\apache-maven-3.0.5-bin\apache-maven-3.0.5/bin"/>
    <property name="ProgramFiles(x86)" value="C:\Program Files (x86)"/>
    <property name="BUILD_URL" value="http://localhost:8080/job/DataDriven15thJune2019/6/"/>
    <property name="java.vendor.url.bug" value="http://bugreport.sun.com/bugreport/"/>
    <property name="java.awt.graphicsenv" value="sun.awt.Win32GraphicsEnvironment"/>
    <property name="os.arch" value="amd64"/>
    <property name="SystemRoot" value="C:\WINDOWS"/>
    <property name="java.ext.dirs" value="C:\Program Files\Java\jdk1.8.0_171\jre\lib\ext;C:\WINDOWS\Sun\Java\lib\ext"/>
    <property name="user.dir" value="F:\seleniumworkspaces\Batch5thMay2019WebDriver\DataDrivenProject"/>
    <property name="JOB_URL" value="http://localhost:8080/job/DataDriven15thJune2019/"/>
    <property name="LOGONSERVER" value="\\DESKTOP-3SL4LUB"/>
    <property name="USERDOMAIN" value="DESKTOP-3SL4LUB"/>
    <property name="line.separator" value="&#10;"/>
    <property name="MAVEN_HOME" value="F:\selenium-prerequisite\apache-maven-3.0.5-bin\apache-maven-3.0.5"/>
    <property name="java.vm.name" value="Java HotSpot(TM) 64-Bit Server VM"/>
    <property name="BUILD_NUMBER" value="6"/>
    <property name="ANDROID_HOME" value="C:\Users\WAY2AUTOMATION\AppData\Local\Android\Sdk"/>
    <property name="JENKINS_URL" value="http://localhost:8080/"/>
    <property name="PROCESSOR_REVISION" value="4e03"/>
    <property name="ProgramW6432" value="C:\Program Files"/>
    <property name="windir" value="C:\WINDOWS"/>
    <property name="file.encoding" value="Cp1252"/>
    <property name="SystemDrive" value="C:"/>
    <property name="maven3.interceptor" value="C:\Users\WAY2AUTOMATION\.jenkins\plugins\maven-plugin\WEB-INF\lib\maven3-interceptor-1.13.jar"/>
    <property name="WORKSPACE" value="C:\Users\WAY2AUTOMATION\.jenkins\workspace\DataDriven15thJune2019"/>
    <property name="maven3.interceptor.common" value="C:\Users\WAY2AUTOMATION\.jenkins\plugins\maven-plugin\WEB-INF\lib\maven3-interceptor-commons-1.13.jar"/>
    <property name="java.specification.version" value="1.8"/>
    <property name="PSModulePath" value="C:\Program Files\WindowsPowerShell\Modules;C:\WINDOWS\system32\WindowsPowerShell\v1.0\Modules"/>
    <property name="DriverData" value="C:\Windows\System32\Drivers\DriverData"/>
  </properties>
  <testcase name="loginAsBankManager" classname="testcases.BankManagerLoginTest" time="0.439"/>
  <testcase name="addCustomer" classname="testcases.AddCustomerTest" time="1.59"/>
  <testcase name="openAccount" classname="testcases.OpenAccountTest" time="1.302">
    <failure message="Open Account Test failed" type="java.lang.AssertionError">java.lang.AssertionError: Open Account Test failed
	at org.testng.Assert.fail(Assert.java:96)
	at testcases.OpenAccountTest.openAccount(OpenAccountTest.java:28)
</failure>
    <system-out><![CDATA[Raman Arora
]]></system-out>
  </testcase>
</testsuite>